<?xml version="1.0" encoding="UTF-8"?>
<!-- Generated by org.testng.reporters.JUnitReportReporter -->
<testsuite hostname="DESKTOP-6TDMLL8" failures="0" tests="1" name="TestLayer.TestClass1" time="0.017" errors="0" timestamp="15 Jun 2022 18:26:20 GMT" skipped="0">
  <testcase classname="TestLayer.TestClass1" name="fun1" time="0.017"/>
</testsuite> <!-- TestLayer.TestClass1 -->
